[debug] [2019-12-13T12:10:08.098Z] ----------------------------------------------------------------------
[debug] [2019-12-13T12:10:08.100Z] Command:       /usr/local/bin/node /Users/jay/.npm-global/bin/firebase targets
[debug] [2019-12-13T12:10:08.100Z] CLI Version:   7.9.0
[debug] [2019-12-13T12:10:08.100Z] Platform:      darwin
[debug] [2019-12-13T12:10:08.100Z] Node Version:  v12.4.0
[debug] [2019-12-13T12:10:08.108Z] Time:          Fri Dec 13 2019 12:10:08 GMT+0000 (Greenwich Mean Time)
[debug] [2019-12-13T12:10:08.108Z] ----------------------------------------------------------------------
[debug] [2019-12-13T12:10:08.108Z] 
[error] Error: [object Object] is not a Firebase command
[debug] [2019-12-13T12:10:08.123Z] TypeError: str.toLowerCase is not a function
    at didYouMean (/Users/jay/.npm-global/lib/node_modules/firebase-tools/node_modules/didyoumean/didYouMean-1.2.1.js:147:48)
    at suggestCommands (/Users/jay/.npm-global/lib/node_modules/firebase-tools/lib/index.js:28:22)
    at Command.<anonymous> (/Users/jay/.npm-global/lib/node_modules/firebase-tools/lib/index.js:57:14)
    at Command.listener (/Users/jay/.npm-global/lib/node_modules/firebase-tools/node_modules/commander/index.js:360:8)
    at Command.emit (events.js:200:13)
    at Command.EventEmitter.emit (domain.js:471:20)
    at Command.parseArgs (/Users/jay/.npm-global/lib/node_modules/firebase-tools/node_modules/commander/index.js:801:12)
    at Command.parse (/Users/jay/.npm-global/lib/node_modules/firebase-tools/node_modules/commander/index.js:563:21)
    at Object.<anonymous> (/Users/jay/.npm-global/lib/node_modules/firebase-tools/lib/bin/firebase.js:98:22)
    at Module._compile (internal/modules/cjs/loader.js:774:30)
    at Object.Module._extensions..js (internal/modules/cjs/loader.js:785:10)
    at Module.load (internal/modules/cjs/loader.js:641:32)
    at Function.Module._load (internal/modules/cjs/loader.js:556:12)
    at Function.Module.runMain (internal/modules/cjs/loader.js:837:10)
    at internal/main/run_main_module.js:17:11
[error] 
[error] Error: An unexpected error has occurred.
